<?xml version="1.0" encoding="UTF-8"?>
<testng-results ignored="0" total="1" passed="1" failed="0" skipped="0">
  <reporter-output>
  </reporter-output>
  <suite started-at="2023-02-21T00:40:20 IST" name="Default suite" finished-at="2023-02-21T00:40:20 IST" duration-ms="96">
    <groups>
    </groups>
    <test started-at="2023-02-21T00:40:20 IST" name="Default test" finished-at="2023-02-21T00:40:20 IST" duration-ms="96">
      <class name="pack1.Demo">
        <test-method signature="test()[pri:0, instance:pack1.Demo@932bc4a]" started-at="2023-02-21T00:40:20 IST" name="test" finished-at="2023-02-21T00:40:20 IST" duration-ms="15" status="PASS">
          <reporter-output>
          </reporter-output>
        </test-method> <!-- test -->
      </class> <!-- pack1.Demo -->
    </test> <!-- Default test -->
  </suite> <!-- Default suite -->
</testng-results>
